2021-06-22 02:46:43,192 INFO     errbot.bootstrap          Found Storage plugin: Shelf.
2021-06-22 02:46:43,196 INFO     errbot.bootstrap          Found Backend plugin: Text
2021-06-22 02:46:43,196 DEBUG    errbot.storage            Opening storage 'repomgr'
2021-06-22 02:46:43,196 DEBUG    errbot.storage.shelf      Open shelf storage /workspace/ARC-2021/data/repomgr.db
2021-06-22 02:46:43,295 DEBUG    errbot.core               ErrBot init.
2021-06-22 02:46:43,296 DEBUG    errbot.backends.base      Backend init.
2021-06-22 02:46:43,302 DEBUG    errbot.core               created a thread pool of size 10.
2021-06-22 02:46:43,305 DEBUG    errbot.backends.text      Text Backend Init.
2021-06-22 02:46:43,305 DEBUG    errbot.backends.text      Bot username set at @errbot.
2021-06-22 02:46:43,308 DEBUG    MARKDOWN                  Successfully loaded extension "markdown.extensions.fenced_code.FencedCodeExtension".
2021-06-22 02:46:43,309 DEBUG    MARKDOWN                  Successfully loaded extension "markdown.extensions.footnotes.FootnoteExtension".
2021-06-22 02:46:43,310 DEBUG    MARKDOWN                  Successfully loaded extension "markdown.extensions.attr_list.AttrListExtension".
2021-06-22 02:46:43,310 DEBUG    MARKDOWN                  Successfully loaded extension "markdown.extensions.def_list.DefListExtension".
2021-06-22 02:46:43,311 DEBUG    MARKDOWN                  Successfully loaded extension "markdown.extensions.tables.TableExtension".
2021-06-22 02:46:43,312 DEBUG    MARKDOWN                  Successfully loaded extension "markdown.extensions.abbr.AbbrExtension".
2021-06-22 02:46:43,313 DEBUG    MARKDOWN                  Successfully loaded extension "markdown.extensions.md_in_html.MarkdownInHtmlExtension".
2021-06-22 02:46:43,313 DEBUG    MARKDOWN                  Successfully loaded extension "markdown.extensions.extra.ExtraExtension".
2021-06-22 02:46:43,313 DEBUG    MARKDOWN                  Successfully loaded extension "errbot.rendering.ansiext.AnsiExtension".
2021-06-22 02:46:43,335 DEBUG    errbot.storage            Opening storage 'core'
2021-06-22 02:46:43,335 DEBUG    errbot.storage.shelf      Open shelf storage /workspace/ARC-2021/data/core.db
2021-06-22 02:46:43,351 DEBUG    errbot.core               Initializing backend storage
2021-06-22 02:46:43,351 DEBUG    errbot.storage            Opening storage 'text_backend'
2021-06-22 02:46:43,352 DEBUG    errbot.storage.shelf      Open shelf storage /workspace/ARC-2021/data/text_backend.db
2021-06-22 02:46:43,366 DEBUG    errbot.plugin_manager     New entries added to sys.path:
2021-06-22 02:46:43,366 DEBUG    errbot.plugin_manager     /workspace/.pip-modules/lib/python3.8/site-packages/errbot/core_plugins
2021-06-22 02:46:43,366 DEBUG    errbot.plugin_manager     /workspace/ARC-2021/plugins/err-example
2021-06-22 02:46:43,367 DEBUG    errbot.plugins.TextCmds   Logger for plugin initialized...
2021-06-22 02:46:43,368 DEBUG    errbot.plugins.ChatRoom   Logger for plugin initialized...
2021-06-22 02:46:43,371 DEBUG    errbot.plugins.Flows      Logger for plugin initialized...
2021-06-22 02:46:43,458 DEBUG    errbot.plugins.VersionChecker Logger for plugin initialized...
2021-06-22 02:46:43,472 DEBUG    errbot.plugins.Plugins    Logger for plugin initialized...
2021-06-22 02:46:43,473 DEBUG    errbot.plugins.ACLs       Logger for plugin initialized...
2021-06-22 02:46:43,474 DEBUG    errbot.plugins.CommandNotFoundFilter Logger for plugin initialized...
2021-06-22 02:46:43,476 DEBUG    errbot.plugins.Health     Logger for plugin initialized...
2021-06-22 02:46:43,477 DEBUG    errbot.plugins.Help       Logger for plugin initialized...
2021-06-22 02:46:43,622 INFO     errbot                    webhooks:  Flag to bind /echo to echo
2021-06-22 02:46:43,623 DEBUG    errbot.plugins.Webserver  Logger for plugin initialized...
2021-06-22 02:46:43,624 DEBUG    errbot.plugins.Utils      Logger for plugin initialized...
2021-06-22 02:46:43,624 DEBUG    errbot.plugins.Backup     Logger for plugin initialized...
2021-06-22 02:46:43,626 DEBUG    errbot.plugins.Example    Logger for plugin initialized...
2021-06-22 02:46:43,626 DEBUG    errbot.bootstrap          Start serving commands from the text backend.
2021-06-22 02:46:43,628 INFO     errbot.core               Activate internal commands
2021-06-22 02:46:43,628 INFO     errbot.plugin_manager     Activate bot plugins...
2021-06-22 02:46:43,629 INFO     errbot.plugin_manager     Activate plugin: TextCmds.
2021-06-22 02:46:43,629 DEBUG    errbot.templating         Templates directory found for this plugin [/workspace/.pip-modules/lib/python3.8/site-packages/errbot/core_plugins/templates]
2021-06-22 02:46:43,629 DEBUG    errbot.botplugin          Init storage for TextCmds.
2021-06-22 02:46:43,629 DEBUG    errbot.storage            Opening storage 'TextCmds'
2021-06-22 02:46:43,629 DEBUG    errbot.storage.shelf      Open shelf storage /workspace/ARC-2021/data/TextCmds.db
2021-06-22 02:46:43,645 DEBUG    errbot.core               Adding command : asadmin -> asadmin.
2021-06-22 02:46:43,645 DEBUG    errbot.core               Adding command : asuser -> asuser.
2021-06-22 02:46:43,645 DEBUG    errbot.core               Adding command : inperson -> inperson.
2021-06-22 02:46:43,645 DEBUG    errbot.core               Adding command : inroom -> inroom.
2021-06-22 02:46:43,645 DEBUG    errbot.core               Adding command : ml -> ml.
2021-06-22 02:46:43,646 INFO     errbot.core_plugins.wsview Checking TextModeCmds for webhooks
2021-06-22 02:46:43,646 INFO     errbot.plugin_manager     Activate plugin: ChatRoom.
2021-06-22 02:46:43,646 DEBUG    errbot.templating         Templates directory found for this plugin [/workspace/.pip-modules/lib/python3.8/site-packages/errbot/core_plugins/templates]
2021-06-22 02:46:43,646 DEBUG    errbot.botplugin          Init storage for ChatRoom.
2021-06-22 02:46:43,646 DEBUG    errbot.storage            Opening storage 'ChatRoom'
2021-06-22 02:46:43,646 DEBUG    errbot.storage.shelf      Open shelf storage /workspace/ARC-2021/data/ChatRoom.db
2021-06-22 02:46:43,659 DEBUG    errbot.core               Adding command : room_create -> room_create.
2021-06-22 02:46:43,659 DEBUG    errbot.core               Adding command : room_destroy -> room_destroy.
2021-06-22 02:46:43,659 DEBUG    errbot.core               Adding command : room_invite -> room_invite.
2021-06-22 02:46:43,659 DEBUG    errbot.core               Adding command : room_join -> room_join.
2021-06-22 02:46:43,659 DEBUG    errbot.core               Adding command : room_leave -> room_leave.
2021-06-22 02:46:43,659 DEBUG    errbot.core               Adding command : room_list -> room_list.
2021-06-22 02:46:43,659 DEBUG    errbot.core               Adding command : room_occupants -> room_occupants.
2021-06-22 02:46:43,659 DEBUG    errbot.core               Adding command : room_topic -> room_topic.
2021-06-22 02:46:43,659 INFO     errbot.core_plugins.wsview Checking ChatRoom for webhooks
2021-06-22 02:46:43,660 INFO     errbot.plugins.ChatRoom   Connecting bot chatrooms
2021-06-22 02:46:43,660 INFO     errbot.plugin_manager     Activate plugin: Flows.
2021-06-22 02:46:43,660 DEBUG    errbot.templating         Templates directory found for this plugin [/workspace/.pip-modules/lib/python3.8/site-packages/errbot/core_plugins/templates]
2021-06-22 02:46:43,660 DEBUG    errbot.botplugin          Init storage for Flows.
2021-06-22 02:46:43,660 DEBUG    errbot.storage            Opening storage 'Flows'
2021-06-22 02:46:43,660 DEBUG    errbot.storage.shelf      Open shelf storage /workspace/ARC-2021/data/Flows.db
2021-06-22 02:46:43,672 DEBUG    errbot.core               Adding command : flows_kill -> flows_kill.
2021-06-22 02:46:43,672 DEBUG    errbot.core               Adding command : flows_list -> flows_list.
2021-06-22 02:46:43,673 DEBUG    errbot.core               Adding command : flows_show -> flows_show.
2021-06-22 02:46:43,673 DEBUG    errbot.core               Adding command : flows_start -> flows_start.
2021-06-22 02:46:43,673 DEBUG    errbot.core               Adding command : flows_status -> flows_status.
2021-06-22 02:46:43,673 DEBUG    errbot.core               Adding command : flows_stop -> flows_stop.
2021-06-22 02:46:43,673 INFO     errbot.core_plugins.wsview Checking Flows for webhooks
2021-06-22 02:46:43,673 INFO     errbot.plugin_manager     Activate plugin: VersionChecker.
2021-06-22 02:46:43,673 DEBUG    errbot.templating         Templates directory found for this plugin [/workspace/.pip-modules/lib/python3.8/site-packages/errbot/core_plugins/templates]
2021-06-22 02:46:43,673 INFO     errbot.plugins.VersionChecker Skip version checking under text mode.
2021-06-22 02:46:43,673 INFO     errbot.core_plugins.wsview Checking VersionChecker for webhooks
2021-06-22 02:46:43,673 INFO     errbot.plugin_manager     Activate plugin: Plugins.
2021-06-22 02:46:43,674 DEBUG    errbot.templating         Templates directory found for this plugin [/workspace/.pip-modules/lib/python3.8/site-packages/errbot/core_plugins/templates]
2021-06-22 02:46:43,674 DEBUG    errbot.botplugin          Init storage for Plugins.
2021-06-22 02:46:43,674 DEBUG    errbot.storage            Opening storage 'Plugins'
2021-06-22 02:46:43,674 DEBUG    errbot.storage.shelf      Open shelf storage /workspace/ARC-2021/data/Plugins.db
2021-06-22 02:46:43,687 DEBUG    errbot.core               Adding command : plugin_activate -> plugin_activate.
2021-06-22 02:46:43,687 DEBUG    errbot.core               Adding command : plugin_blacklist -> plugin_blacklist.
2021-06-22 02:46:43,687 DEBUG    errbot.core               Adding command : plugin_config -> plugin_config.
2021-06-22 02:46:43,687 DEBUG    errbot.core               Adding command : plugin_deactivate -> plugin_deactivate.
2021-06-22 02:46:43,687 DEBUG    errbot.core               Adding command : plugin_info -> plugin_info.
2021-06-22 02:46:43,687 DEBUG    errbot.core               Adding command : plugin_reload -> plugin_reload.
2021-06-22 02:46:43,687 DEBUG    errbot.core               Adding command : plugin_unblacklist -> plugin_unblacklist.
2021-06-22 02:46:43,687 DEBUG    errbot.core               Adding command : repos -> repos.
2021-06-22 02:46:43,687 DEBUG    errbot.core               Adding command : repos_install -> repos_install.
2021-06-22 02:46:43,687 DEBUG    errbot.core               Adding command : repos_search -> repos_search.
2021-06-22 02:46:43,687 DEBUG    errbot.core               Adding command : repos_uninstall -> repos_uninstall.
2021-06-22 02:46:43,687 DEBUG    errbot.core               Adding command : repos_update -> repos_update.
2021-06-22 02:46:43,687 INFO     errbot.core_plugins.wsview Checking Plugins for webhooks
2021-06-22 02:46:43,687 INFO     errbot.plugin_manager     Activate plugin: ACLs.
2021-06-22 02:46:43,688 DEBUG    errbot.templating         Templates directory found for this plugin [/workspace/.pip-modules/lib/python3.8/site-packages/errbot/core_plugins/templates]
2021-06-22 02:46:43,688 DEBUG    errbot.botplugin          Init storage for ACLs.
2021-06-22 02:46:43,688 DEBUG    errbot.storage            Opening storage 'ACLs'
2021-06-22 02:46:43,688 DEBUG    errbot.storage.shelf      Open shelf storage /workspace/ARC-2021/data/ACLs.db
2021-06-22 02:46:43,700 DEBUG    errbot.core               Adding command filter: acls
2021-06-22 02:46:43,700 INFO     errbot.core_plugins.wsview Checking ACLS for webhooks
2021-06-22 02:46:43,700 INFO     errbot.plugin_manager     Activate plugin: CommandNotFoundFilter.
2021-06-22 02:46:43,701 DEBUG    errbot.templating         Templates directory found for this plugin [/workspace/.pip-modules/lib/python3.8/site-packages/errbot/core_plugins/templates]
2021-06-22 02:46:43,701 DEBUG    errbot.botplugin          Init storage for CommandNotFoundFilter.
2021-06-22 02:46:43,701 DEBUG    errbot.storage            Opening storage 'CommandNotFoundFilter'
2021-06-22 02:46:43,701 DEBUG    errbot.storage.shelf      Open shelf storage /workspace/ARC-2021/data/CommandNotFoundFilter.db
2021-06-22 02:46:43,713 DEBUG    errbot.core               Adding command filter: cnf_filter
2021-06-22 02:46:43,713 INFO     errbot.core_plugins.wsview Checking CommandNotFoundFilter for webhooks
2021-06-22 02:46:43,713 INFO     errbot.plugin_manager     Activate plugin: Health.
2021-06-22 02:46:43,713 DEBUG    errbot.templating         Templates directory found for this plugin [/workspace/.pip-modules/lib/python3.8/site-packages/errbot/core_plugins/templates]
2021-06-22 02:46:43,714 DEBUG    errbot.botplugin          Init storage for Health.
2021-06-22 02:46:43,714 DEBUG    errbot.storage            Opening storage 'Health'
2021-06-22 02:46:43,714 DEBUG    errbot.storage.shelf      Open shelf storage /workspace/ARC-2021/data/Health.db
2021-06-22 02:46:43,725 DEBUG    errbot.core               Adding command : restart -> restart.
2021-06-22 02:46:43,726 DEBUG    errbot.core               Adding command : shutdown -> shutdown.
2021-06-22 02:46:43,726 DEBUG    errbot.core               Adding command : status -> status.
2021-06-22 02:46:43,726 DEBUG    errbot.core               Adding command : status_gc -> status_gc.
2021-06-22 02:46:43,726 DEBUG    errbot.core               Adding command : status_load -> status_load.
2021-06-22 02:46:43,726 DEBUG    errbot.core               Adding command : status_plugins -> status_plugins.
2021-06-22 02:46:43,726 DEBUG    errbot.core               Adding command : uptime -> uptime.
2021-06-22 02:46:43,726 INFO     errbot.core_plugins.wsview Checking Health for webhooks
2021-06-22 02:46:43,726 INFO     errbot.plugin_manager     Activate plugin: Help.
2021-06-22 02:46:43,726 DEBUG    errbot.templating         Templates directory found for this plugin [/workspace/.pip-modules/lib/python3.8/site-packages/errbot/core_plugins/templates]
2021-06-22 02:46:43,726 DEBUG    errbot.botplugin          Init storage for Help.
2021-06-22 02:46:43,726 DEBUG    errbot.storage            Opening storage 'Help'
2021-06-22 02:46:43,726 DEBUG    errbot.storage.shelf      Open shelf storage /workspace/ARC-2021/data/Help.db
2021-06-22 02:46:43,738 DEBUG    errbot.core               Adding command : about -> about.
2021-06-22 02:46:43,738 DEBUG    errbot.core               Adding command : apropos -> apropos.
2021-06-22 02:46:43,738 DEBUG    errbot.core               Adding command : help -> help.
2021-06-22 02:46:43,739 INFO     errbot.core_plugins.wsview Checking Help for webhooks
2021-06-22 02:46:43,739 INFO     errbot.plugin_manager     Activate plugin: Webserver.
2021-06-22 02:46:43,739 DEBUG    errbot.templating         Templates directory found for this plugin [/workspace/.pip-modules/lib/python3.8/site-packages/errbot/core_plugins/templates]
2021-06-22 02:46:43,739 INFO     errbot.plugins.Webserver  Webserver is not configured. Forbid activation
2021-06-22 02:46:43,739 INFO     errbot.core_plugins.wsview Checking Webserver for webhooks
2021-06-22 02:46:43,739 INFO     errbot.core_plugins.wsview Webhook routing echo
2021-06-22 02:46:43,740 INFO     errbot.plugin_manager     Activate plugin: Utils.
2021-06-22 02:46:43,740 DEBUG    errbot.templating         Templates directory found for this plugin [/workspace/.pip-modules/lib/python3.8/site-packages/errbot/core_plugins/templates]
2021-06-22 02:46:43,741 DEBUG    errbot.botplugin          Init storage for Utils.
2021-06-22 02:46:43,741 DEBUG    errbot.storage            Opening storage 'Utils'
2021-06-22 02:46:43,741 DEBUG    errbot.storage.shelf      Open shelf storage /workspace/ARC-2021/data/Utils.db
2021-06-22 02:46:43,753 DEBUG    errbot.core               Adding command : echo -> echo.
2021-06-22 02:46:43,753 DEBUG    errbot.core               Adding command : history -> history.
2021-06-22 02:46:43,753 DEBUG    errbot.core               Adding command : log_tail -> log_tail.
2021-06-22 02:46:43,753 DEBUG    errbot.core               Adding command : render_test -> render_test.
2021-06-22 02:46:43,753 DEBUG    errbot.core               Adding command : whoami -> whoami.
2021-06-22 02:46:43,753 INFO     errbot.core_plugins.wsview Checking Utils for webhooks
2021-06-22 02:46:43,753 INFO     errbot.plugin_manager     Activate plugin: Backup.
2021-06-22 02:46:43,753 DEBUG    errbot.templating         Templates directory found for this plugin [/workspace/.pip-modules/lib/python3.8/site-packages/errbot/core_plugins/templates]
2021-06-22 02:46:43,753 DEBUG    errbot.botplugin          Init storage for Backup.
2021-06-22 02:46:43,753 DEBUG    errbot.storage            Opening storage 'Backup'
2021-06-22 02:46:43,753 DEBUG    errbot.storage.shelf      Open shelf storage /workspace/ARC-2021/data/Backup.db
2021-06-22 02:46:43,765 DEBUG    errbot.core               Adding command : backup -> backup.
2021-06-22 02:46:43,766 INFO     errbot.core_plugins.wsview Checking Backup for webhooks
2021-06-22 02:46:43,766 INFO     errbot.plugin_manager     Activate plugin: Example.
2021-06-22 02:46:43,766 DEBUG    errbot.templating         No templates directory found for this plugin [Looking for /workspace/ARC-2021/plugins/err-example/templates]
2021-06-22 02:46:43,766 DEBUG    errbot.botplugin          Init storage for Example.
2021-06-22 02:46:43,766 DEBUG    errbot.storage            Opening storage 'Example'
2021-06-22 02:46:43,766 DEBUG    errbot.storage.shelf      Open shelf storage /workspace/ARC-2021/data/Example.db
2021-06-22 02:46:43,778 DEBUG    errbot.core               Adding command : tryme -> tryme.
2021-06-22 02:46:43,778 INFO     errbot.core_plugins.wsview Checking Example for webhooks
2021-06-22 02:46:43,778 DEBUG    errbot.plugin_manager     Activate flow plugins ...
2021-06-22 02:46:43,778 INFO     errbot.core               Notifying connection to all the plugins...
2021-06-22 02:46:43,778 DEBUG    errbot.core               Trigger callback_connect on TextModeCmds.
2021-06-22 02:46:43,779 DEBUG    errbot.core               Trigger callback_connect on ChatRoom.
2021-06-22 02:46:43,779 INFO     errbot.plugins.ChatRoom   Connecting bot chatrooms
2021-06-22 02:46:43,779 DEBUG    errbot.core               Trigger callback_connect on Flows.
2021-06-22 02:46:43,779 DEBUG    errbot.core               Trigger callback_connect on Plugins.
2021-06-22 02:46:43,779 DEBUG    errbot.core               Trigger callback_connect on ACLS.
2021-06-22 02:46:43,779 DEBUG    errbot.core               Trigger callback_connect on CommandNotFoundFilter.
2021-06-22 02:46:43,779 DEBUG    errbot.core               Trigger callback_connect on Health.
2021-06-22 02:46:43,779 DEBUG    errbot.core               Trigger callback_connect on Help.
2021-06-22 02:46:43,779 DEBUG    errbot.core               Trigger callback_connect on Utils.
2021-06-22 02:46:43,779 DEBUG    errbot.core               Trigger callback_connect on Backup.
2021-06-22 02:46:43,779 DEBUG    errbot.core               Trigger callback_connect on Example.
2021-06-22 02:46:43,779 INFO     errbot.core               Plugin activation done.
2021-06-22 02:46:43,779 DEBUG    errbot.core               Triggering callback_presence on TextCmds.
2021-06-22 02:46:43,779 DEBUG    errbot.core               Triggering callback_presence on ChatRoom.
2021-06-22 02:46:43,779 DEBUG    errbot.core               Triggering callback_presence on Flows.
2021-06-22 02:46:43,779 DEBUG    errbot.core               Triggering callback_presence on Plugins.
2021-06-22 02:46:43,779 DEBUG    errbot.core               Triggering callback_presence on ACLs.
2021-06-22 02:46:43,779 DEBUG    errbot.core               Triggering callback_presence on CommandNotFoundFilter.
2021-06-22 02:46:43,779 DEBUG    errbot.core               Triggering callback_presence on Health.
2021-06-22 02:46:43,779 DEBUG    errbot.core               Triggering callback_presence on Help.
2021-06-22 02:46:43,779 DEBUG    errbot.core               Triggering callback_presence on Utils.
2021-06-22 02:46:43,779 DEBUG    errbot.core               Triggering callback_presence on Backup.
2021-06-22 02:46:43,779 DEBUG    errbot.core               Triggering callback_presence on Example.
2021-06-22 02:46:54,771 DEBUG    errbot.core               Triggering callback_presence on TextCmds.
2021-06-22 02:46:54,771 DEBUG    errbot.core               Triggering callback_presence on ChatRoom.
2021-06-22 02:46:54,771 DEBUG    errbot.core               Triggering callback_presence on Flows.
2021-06-22 02:46:54,771 DEBUG    errbot.core               Triggering callback_presence on Plugins.
2021-06-22 02:46:54,771 DEBUG    errbot.core               Triggering callback_presence on ACLs.
2021-06-22 02:46:54,771 DEBUG    errbot.core               Triggering callback_presence on CommandNotFoundFilter.
2021-06-22 02:46:54,771 DEBUG    errbot.core               Triggering callback_presence on Health.
2021-06-22 02:46:54,771 DEBUG    errbot.core               Triggering callback_presence on Help.
2021-06-22 02:46:54,771 DEBUG    errbot.core               Triggering callback_presence on Utils.
2021-06-22 02:46:54,771 DEBUG    errbot.core               Triggering callback_presence on Backup.
2021-06-22 02:46:54,771 DEBUG    errbot.core               Triggering callback_presence on Example.
2021-06-22 02:46:54,771 DEBUG    errbot.backends.text      Trigger disconnect callback
2021-06-22 02:46:54,771 INFO     errbot.core               Disconnect callback, deactivating all the plugins.
2021-06-22 02:46:54,783 DEBUG    errbot.storage            Closed storage 'TextCmds'
2021-06-22 02:46:54,789 DEBUG    errbot.storage            Closed storage 'ChatRoom'
2021-06-22 02:46:54,794 DEBUG    errbot.storage            Closed storage 'Flows'
2021-06-22 02:46:54,799 DEBUG    errbot.storage            Closed storage 'Plugins'
2021-06-22 02:46:54,804 DEBUG    errbot.storage            Closed storage 'ACLs'
2021-06-22 02:46:54,804 DEBUG    errbot.core               Removing command filter: acls
2021-06-22 02:46:54,809 DEBUG    errbot.storage            Closed storage 'CommandNotFoundFilter'
2021-06-22 02:46:54,809 DEBUG    errbot.core               Removing command filter: cnf_filter
2021-06-22 02:46:54,814 DEBUG    errbot.storage            Closed storage 'Health'
2021-06-22 02:46:54,818 DEBUG    errbot.storage            Closed storage 'Help'
2021-06-22 02:46:54,823 DEBUG    errbot.storage            Closed storage 'Utils'
2021-06-22 02:46:54,828 DEBUG    errbot.storage            Closed storage 'Backup'
2021-06-22 02:46:54,833 DEBUG    errbot.storage            Closed storage 'Example'
2021-06-22 02:46:54,833 DEBUG    errbot.backends.text      Trigger shutdown
2021-06-22 02:46:54,838 DEBUG    errbot.storage            Closed storage 'text_backend'
2021-06-22 02:46:54,838 INFO     errbot.plugin_manager     Shutdown.
2021-06-22 02:46:54,845 DEBUG    errbot.storage            Closed storage 'core'
2021-06-22 02:46:54,846 INFO     errbot.plugin_manager     Bye.
2021-06-22 02:46:54,850 DEBUG    errbot.storage            Closed storage 'repomgr'
2021-06-22 02:46:54,850 INFO     errbot.cli                Process exiting
2021-06-22 03:05:48,327 INFO     errbot.bootstrap          Found Storage plugin: Shelf.
2021-06-22 03:05:48,330 INFO     errbot.bootstrap          Found Backend plugin: Text
2021-06-22 03:05:48,331 DEBUG    errbot.storage            Opening storage 'repomgr'
2021-06-22 03:05:48,331 DEBUG    errbot.storage.shelf      Open shelf storage /workspace/ARC-2021/data/repomgr.db
2021-06-22 03:05:48,406 DEBUG    errbot.core               ErrBot init.
2021-06-22 03:05:48,406 DEBUG    errbot.backends.base      Backend init.
2021-06-22 03:05:48,412 DEBUG    errbot.core               created a thread pool of size 10.
2021-06-22 03:05:48,414 DEBUG    errbot.backends.text      Text Backend Init.
2021-06-22 03:05:48,414 DEBUG    errbot.backends.text      Bot username set at @errbot.
2021-06-22 03:05:48,417 DEBUG    MARKDOWN                  Successfully loaded extension "markdown.extensions.fenced_code.FencedCodeExtension".
2021-06-22 03:05:48,418 DEBUG    MARKDOWN                  Successfully loaded extension "markdown.extensions.footnotes.FootnoteExtension".
2021-06-22 03:05:48,418 DEBUG    MARKDOWN                  Successfully loaded extension "markdown.extensions.attr_list.AttrListExtension".
2021-06-22 03:05:48,419 DEBUG    MARKDOWN                  Successfully loaded extension "markdown.extensions.def_list.DefListExtension".
2021-06-22 03:05:48,420 DEBUG    MARKDOWN                  Successfully loaded extension "markdown.extensions.tables.TableExtension".
2021-06-22 03:05:48,420 DEBUG    MARKDOWN                  Successfully loaded extension "markdown.extensions.abbr.AbbrExtension".
2021-06-22 03:05:48,421 DEBUG    MARKDOWN                  Successfully loaded extension "markdown.extensions.md_in_html.MarkdownInHtmlExtension".
2021-06-22 03:05:48,421 DEBUG    MARKDOWN                  Successfully loaded extension "markdown.extensions.extra.ExtraExtension".
2021-06-22 03:05:48,421 DEBUG    MARKDOWN                  Successfully loaded extension "errbot.rendering.ansiext.AnsiExtension".
2021-06-22 03:05:48,435 DEBUG    errbot.storage            Opening storage 'core'
2021-06-22 03:05:48,435 DEBUG    errbot.storage.shelf      Open shelf storage /workspace/ARC-2021/data/core.db
2021-06-22 03:05:48,436 DEBUG    errbot.core               Initializing backend storage
2021-06-22 03:05:48,436 DEBUG    errbot.storage            Opening storage 'text_backend'
2021-06-22 03:05:48,436 DEBUG    errbot.storage.shelf      Open shelf storage /workspace/ARC-2021/data/text_backend.db
2021-06-22 03:05:48,438 DEBUG    errbot.plugin_manager     New entries added to sys.path:
2021-06-22 03:05:48,438 DEBUG    errbot.plugin_manager     /workspace/.pip-modules/lib/python3.8/site-packages/errbot/core_plugins
2021-06-22 03:05:48,438 DEBUG    errbot.plugin_manager     /workspace/ARC-2021/plugins/err-example
2021-06-22 03:05:48,439 DEBUG    errbot.plugins.TextCmds   Logger for plugin initialized...
2021-06-22 03:05:48,440 DEBUG    errbot.plugins.ChatRoom   Logger for plugin initialized...
2021-06-22 03:05:48,442 DEBUG    errbot.plugins.Flows      Logger for plugin initialized...
2021-06-22 03:05:48,494 DEBUG    errbot.plugins.VersionChecker Logger for plugin initialized...
2021-06-22 03:05:48,510 DEBUG    errbot.plugins.Plugins    Logger for plugin initialized...
2021-06-22 03:05:48,511 DEBUG    errbot.plugins.ACLs       Logger for plugin initialized...
2021-06-22 03:05:48,512 DEBUG    errbot.plugins.CommandNotFoundFilter Logger for plugin initialized...
2021-06-22 03:05:48,514 DEBUG    errbot.plugins.Health     Logger for plugin initialized...
2021-06-22 03:05:48,515 DEBUG    errbot.plugins.Help       Logger for plugin initialized...
2021-06-22 03:05:48,632 INFO     errbot                    webhooks:  Flag to bind /echo to echo
2021-06-22 03:05:48,632 DEBUG    errbot.plugins.Webserver  Logger for plugin initialized...
2021-06-22 03:05:48,633 DEBUG    errbot.plugins.Utils      Logger for plugin initialized...
2021-06-22 03:05:48,634 DEBUG    errbot.plugins.Backup     Logger for plugin initialized...
2021-06-22 03:05:48,635 DEBUG    errbot.plugins.Example    Logger for plugin initialized...
2021-06-22 03:05:48,635 DEBUG    errbot.bootstrap          Start serving commands from the text backend.
2021-06-22 03:05:48,639 INFO     errbot.core               Activate internal commands
2021-06-22 03:05:48,639 INFO     errbot.plugin_manager     Activate bot plugins...
2021-06-22 03:05:48,639 INFO     errbot.plugin_manager     Activate plugin: TextCmds.
2021-06-22 03:05:48,640 DEBUG    errbot.templating         Templates directory found for this plugin [/workspace/.pip-modules/lib/python3.8/site-packages/errbot/core_plugins/templates]
2021-06-22 03:05:48,640 DEBUG    errbot.botplugin          Init storage for TextCmds.
2021-06-22 03:05:48,640 DEBUG    errbot.storage            Opening storage 'TextCmds'
2021-06-22 03:05:48,640 DEBUG    errbot.storage.shelf      Open shelf storage /workspace/ARC-2021/data/TextCmds.db
2021-06-22 03:05:48,641 DEBUG    errbot.core               Adding command : asadmin -> asadmin.
2021-06-22 03:05:48,641 DEBUG    errbot.core               Adding command : asuser -> asuser.
2021-06-22 03:05:48,641 DEBUG    errbot.core               Adding command : inperson -> inperson.
2021-06-22 03:05:48,641 DEBUG    errbot.core               Adding command : inroom -> inroom.
2021-06-22 03:05:48,641 DEBUG    errbot.core               Adding command : ml -> ml.
2021-06-22 03:05:48,642 INFO     errbot.core_plugins.wsview Checking TextModeCmds for webhooks
2021-06-22 03:05:48,642 INFO     errbot.plugin_manager     Activate plugin: ChatRoom.
2021-06-22 03:05:48,642 DEBUG    errbot.templating         Templates directory found for this plugin [/workspace/.pip-modules/lib/python3.8/site-packages/errbot/core_plugins/templates]
2021-06-22 03:05:48,642 DEBUG    errbot.botplugin          Init storage for ChatRoom.
2021-06-22 03:05:48,643 DEBUG    errbot.storage            Opening storage 'ChatRoom'
2021-06-22 03:05:48,643 DEBUG    errbot.storage.shelf      Open shelf storage /workspace/ARC-2021/data/ChatRoom.db
2021-06-22 03:05:48,643 DEBUG    errbot.core               Adding command : room_create -> room_create.
2021-06-22 03:05:48,643 DEBUG    errbot.core               Adding command : room_destroy -> room_destroy.
2021-06-22 03:05:48,643 DEBUG    errbot.core               Adding command : room_invite -> room_invite.
2021-06-22 03:05:48,643 DEBUG    errbot.core               Adding command : room_join -> room_join.
2021-06-22 03:05:48,643 DEBUG    errbot.core               Adding command : room_leave -> room_leave.
2021-06-22 03:05:48,643 DEBUG    errbot.core               Adding command : room_list -> room_list.
2021-06-22 03:05:48,643 DEBUG    errbot.core               Adding command : room_occupants -> room_occupants.
2021-06-22 03:05:48,643 DEBUG    errbot.core               Adding command : room_topic -> room_topic.
2021-06-22 03:05:48,644 INFO     errbot.core_plugins.wsview Checking ChatRoom for webhooks
2021-06-22 03:05:48,644 INFO     errbot.plugins.ChatRoom   Connecting bot chatrooms
2021-06-22 03:05:48,644 INFO     errbot.plugin_manager     Activate plugin: Flows.
2021-06-22 03:05:48,644 DEBUG    errbot.templating         Templates directory found for this plugin [/workspace/.pip-modules/lib/python3.8/site-packages/errbot/core_plugins/templates]
2021-06-22 03:05:48,644 DEBUG    errbot.botplugin          Init storage for Flows.
2021-06-22 03:05:48,644 DEBUG    errbot.storage            Opening storage 'Flows'
2021-06-22 03:05:48,644 DEBUG    errbot.storage.shelf      Open shelf storage /workspace/ARC-2021/data/Flows.db
2021-06-22 03:05:48,645 DEBUG    errbot.core               Adding command : flows_kill -> flows_kill.
2021-06-22 03:05:48,645 DEBUG    errbot.core               Adding command : flows_list -> flows_list.
2021-06-22 03:05:48,645 DEBUG    errbot.core               Adding command : flows_show -> flows_show.
2021-06-22 03:05:48,645 DEBUG    errbot.core               Adding command : flows_start -> flows_start.
2021-06-22 03:05:48,645 DEBUG    errbot.core               Adding command : flows_status -> flows_status.
2021-06-22 03:05:48,645 DEBUG    errbot.core               Adding command : flows_stop -> flows_stop.
2021-06-22 03:05:48,645 INFO     errbot.core_plugins.wsview Checking Flows for webhooks
2021-06-22 03:05:48,646 INFO     errbot.plugin_manager     Activate plugin: VersionChecker.
2021-06-22 03:05:48,646 DEBUG    errbot.templating         Templates directory found for this plugin [/workspace/.pip-modules/lib/python3.8/site-packages/errbot/core_plugins/templates]
2021-06-22 03:05:48,646 INFO     errbot.plugins.VersionChecker Skip version checking under text mode.
2021-06-22 03:05:48,646 INFO     errbot.core_plugins.wsview Checking VersionChecker for webhooks
2021-06-22 03:05:48,646 INFO     errbot.plugin_manager     Activate plugin: Plugins.
2021-06-22 03:05:48,646 DEBUG    errbot.templating         Templates directory found for this plugin [/workspace/.pip-modules/lib/python3.8/site-packages/errbot/core_plugins/templates]
2021-06-22 03:05:48,647 DEBUG    errbot.botplugin          Init storage for Plugins.
2021-06-22 03:05:48,647 DEBUG    errbot.storage            Opening storage 'Plugins'
2021-06-22 03:05:48,647 DEBUG    errbot.storage.shelf      Open shelf storage /workspace/ARC-2021/data/Plugins.db
2021-06-22 03:05:48,647 DEBUG    errbot.core               Adding command : plugin_activate -> plugin_activate.
2021-06-22 03:05:48,647 DEBUG    errbot.core               Adding command : plugin_blacklist -> plugin_blacklist.
2021-06-22 03:05:48,647 DEBUG    errbot.core               Adding command : plugin_config -> plugin_config.
2021-06-22 03:05:48,647 DEBUG    errbot.core               Adding command : plugin_deactivate -> plugin_deactivate.
2021-06-22 03:05:48,647 DEBUG    errbot.core               Adding command : plugin_info -> plugin_info.
2021-06-22 03:05:48,647 DEBUG    errbot.core               Adding command : plugin_reload -> plugin_reload.
2021-06-22 03:05:48,647 DEBUG    errbot.core               Adding command : plugin_unblacklist -> plugin_unblacklist.
2021-06-22 03:05:48,647 DEBUG    errbot.core               Adding command : repos -> repos.
2021-06-22 03:05:48,647 DEBUG    errbot.core               Adding command : repos_install -> repos_install.
2021-06-22 03:05:48,647 DEBUG    errbot.core               Adding command : repos_search -> repos_search.
2021-06-22 03:05:48,647 DEBUG    errbot.core               Adding command : repos_uninstall -> repos_uninstall.
2021-06-22 03:05:48,647 DEBUG    errbot.core               Adding command : repos_update -> repos_update.
2021-06-22 03:05:48,648 INFO     errbot.core_plugins.wsview Checking Plugins for webhooks
2021-06-22 03:05:48,648 INFO     errbot.plugin_manager     Activate plugin: ACLs.
2021-06-22 03:05:48,648 DEBUG    errbot.templating         Templates directory found for this plugin [/workspace/.pip-modules/lib/python3.8/site-packages/errbot/core_plugins/templates]
2021-06-22 03:05:48,648 DEBUG    errbot.botplugin          Init storage for ACLs.
2021-06-22 03:05:48,648 DEBUG    errbot.storage            Opening storage 'ACLs'
2021-06-22 03:05:48,648 DEBUG    errbot.storage.shelf      Open shelf storage /workspace/ARC-2021/data/ACLs.db
2021-06-22 03:05:48,648 DEBUG    errbot.core               Adding command filter: acls
2021-06-22 03:05:48,649 INFO     errbot.core_plugins.wsview Checking ACLS for webhooks
2021-06-22 03:05:48,649 INFO     errbot.plugin_manager     Activate plugin: CommandNotFoundFilter.
2021-06-22 03:05:48,649 DEBUG    errbot.templating         Templates directory found for this plugin [/workspace/.pip-modules/lib/python3.8/site-packages/errbot/core_plugins/templates]
2021-06-22 03:05:48,649 DEBUG    errbot.botplugin          Init storage for CommandNotFoundFilter.
2021-06-22 03:05:48,649 DEBUG    errbot.storage            Opening storage 'CommandNotFoundFilter'
2021-06-22 03:05:48,649 DEBUG    errbot.storage.shelf      Open shelf storage /workspace/ARC-2021/data/CommandNotFoundFilter.db
2021-06-22 03:05:48,649 DEBUG    errbot.core               Adding command filter: cnf_filter
2021-06-22 03:05:48,649 INFO     errbot.core_plugins.wsview Checking CommandNotFoundFilter for webhooks
2021-06-22 03:05:48,650 INFO     errbot.plugin_manager     Activate plugin: Health.
2021-06-22 03:05:48,650 DEBUG    errbot.templating         Templates directory found for this plugin [/workspace/.pip-modules/lib/python3.8/site-packages/errbot/core_plugins/templates]
2021-06-22 03:05:48,650 DEBUG    errbot.botplugin          Init storage for Health.
2021-06-22 03:05:48,650 DEBUG    errbot.storage            Opening storage 'Health'
2021-06-22 03:05:48,650 DEBUG    errbot.storage.shelf      Open shelf storage /workspace/ARC-2021/data/Health.db
2021-06-22 03:05:48,650 DEBUG    errbot.core               Adding command : restart -> restart.
2021-06-22 03:05:48,650 DEBUG    errbot.core               Adding command : shutdown -> shutdown.
2021-06-22 03:05:48,650 DEBUG    errbot.core               Adding command : status -> status.
2021-06-22 03:05:48,650 DEBUG    errbot.core               Adding command : status_gc -> status_gc.
2021-06-22 03:05:48,650 DEBUG    errbot.core               Adding command : status_load -> status_load.
2021-06-22 03:05:48,650 DEBUG    errbot.core               Adding command : status_plugins -> status_plugins.
2021-06-22 03:05:48,650 DEBUG    errbot.core               Adding command : uptime -> uptime.
2021-06-22 03:05:48,651 INFO     errbot.core_plugins.wsview Checking Health for webhooks
2021-06-22 03:05:48,651 INFO     errbot.plugin_manager     Activate plugin: Help.
2021-06-22 03:05:48,651 DEBUG    errbot.templating         Templates directory found for this plugin [/workspace/.pip-modules/lib/python3.8/site-packages/errbot/core_plugins/templates]
2021-06-22 03:05:48,651 DEBUG    errbot.botplugin          Init storage for Help.
2021-06-22 03:05:48,651 DEBUG    errbot.storage            Opening storage 'Help'
2021-06-22 03:05:48,651 DEBUG    errbot.storage.shelf      Open shelf storage /workspace/ARC-2021/data/Help.db
2021-06-22 03:05:48,651 DEBUG    errbot.core               Adding command : about -> about.
2021-06-22 03:05:48,651 DEBUG    errbot.core               Adding command : apropos -> apropos.
2021-06-22 03:05:48,651 DEBUG    errbot.core               Adding command : help -> help.
2021-06-22 03:05:48,652 INFO     errbot.core_plugins.wsview Checking Help for webhooks
2021-06-22 03:05:48,652 INFO     errbot.plugin_manager     Activate plugin: Webserver.
2021-06-22 03:05:48,652 DEBUG    errbot.templating         Templates directory found for this plugin [/workspace/.pip-modules/lib/python3.8/site-packages/errbot/core_plugins/templates]
2021-06-22 03:05:48,652 INFO     errbot.plugins.Webserver  Webserver is not configured. Forbid activation
2021-06-22 03:05:48,652 INFO     errbot.core_plugins.wsview Checking Webserver for webhooks
2021-06-22 03:05:48,652 INFO     errbot.core_plugins.wsview Webhook routing echo
2021-06-22 03:05:48,653 INFO     errbot.plugin_manager     Activate plugin: Utils.
2021-06-22 03:05:48,654 DEBUG    errbot.templating         Templates directory found for this plugin [/workspace/.pip-modules/lib/python3.8/site-packages/errbot/core_plugins/templates]
2021-06-22 03:05:48,654 DEBUG    errbot.botplugin          Init storage for Utils.
2021-06-22 03:05:48,654 DEBUG    errbot.storage            Opening storage 'Utils'
2021-06-22 03:05:48,654 DEBUG    errbot.storage.shelf      Open shelf storage /workspace/ARC-2021/data/Utils.db
2021-06-22 03:05:48,654 DEBUG    errbot.core               Adding command : echo -> echo.
2021-06-22 03:05:48,654 DEBUG    errbot.core               Adding command : history -> history.
2021-06-22 03:05:48,654 DEBUG    errbot.core               Adding command : log_tail -> log_tail.
2021-06-22 03:05:48,654 DEBUG    errbot.core               Adding command : render_test -> render_test.
2021-06-22 03:05:48,654 DEBUG    errbot.core               Adding command : whoami -> whoami.
2021-06-22 03:05:48,654 INFO     errbot.core_plugins.wsview Checking Utils for webhooks
2021-06-22 03:05:48,655 INFO     errbot.plugin_manager     Activate plugin: Backup.
2021-06-22 03:05:48,655 DEBUG    errbot.templating         Templates directory found for this plugin [/workspace/.pip-modules/lib/python3.8/site-packages/errbot/core_plugins/templates]
2021-06-22 03:05:48,655 DEBUG    errbot.botplugin          Init storage for Backup.
2021-06-22 03:05:48,655 DEBUG    errbot.storage            Opening storage 'Backup'
2021-06-22 03:05:48,655 DEBUG    errbot.storage.shelf      Open shelf storage /workspace/ARC-2021/data/Backup.db
2021-06-22 03:05:48,655 DEBUG    errbot.core               Adding command : backup -> backup.
2021-06-22 03:05:48,655 INFO     errbot.core_plugins.wsview Checking Backup for webhooks
2021-06-22 03:05:48,656 INFO     errbot.plugin_manager     Activate plugin: Example.
2021-06-22 03:05:48,656 DEBUG    errbot.templating         No templates directory found for this plugin [Looking for /workspace/ARC-2021/plugins/err-example/templates]
2021-06-22 03:05:48,656 DEBUG    errbot.botplugin          Init storage for Example.
2021-06-22 03:05:48,656 DEBUG    errbot.storage            Opening storage 'Example'
2021-06-22 03:05:48,656 DEBUG    errbot.storage.shelf      Open shelf storage /workspace/ARC-2021/data/Example.db
2021-06-22 03:05:48,656 DEBUG    errbot.core               Adding command : tryme -> tryme.
2021-06-22 03:05:48,656 INFO     errbot.core_plugins.wsview Checking Example for webhooks
2021-06-22 03:05:48,656 DEBUG    errbot.plugin_manager     Activate flow plugins ...
2021-06-22 03:05:48,656 INFO     errbot.core               Notifying connection to all the plugins...
2021-06-22 03:05:48,657 DEBUG    errbot.core               Trigger callback_connect on TextModeCmds.
2021-06-22 03:05:48,657 DEBUG    errbot.core               Trigger callback_connect on ChatRoom.
2021-06-22 03:05:48,657 INFO     errbot.plugins.ChatRoom   Connecting bot chatrooms
2021-06-22 03:05:48,657 DEBUG    errbot.core               Trigger callback_connect on Flows.
2021-06-22 03:05:48,657 DEBUG    errbot.core               Trigger callback_connect on Plugins.
2021-06-22 03:05:48,657 DEBUG    errbot.core               Trigger callback_connect on ACLS.
2021-06-22 03:05:48,657 DEBUG    errbot.core               Trigger callback_connect on CommandNotFoundFilter.
2021-06-22 03:05:48,657 DEBUG    errbot.core               Trigger callback_connect on Health.
2021-06-22 03:05:48,657 DEBUG    errbot.core               Trigger callback_connect on Help.
2021-06-22 03:05:48,657 DEBUG    errbot.core               Trigger callback_connect on Utils.
2021-06-22 03:05:48,657 DEBUG    errbot.core               Trigger callback_connect on Backup.
2021-06-22 03:05:48,657 DEBUG    errbot.core               Trigger callback_connect on Example.
2021-06-22 03:05:48,657 INFO     errbot.core               Plugin activation done.
2021-06-22 03:05:48,657 DEBUG    errbot.core               Triggering callback_presence on TextCmds.
2021-06-22 03:05:48,657 DEBUG    errbot.core               Triggering callback_presence on ChatRoom.
2021-06-22 03:05:48,657 DEBUG    errbot.core               Triggering callback_presence on Flows.
2021-06-22 03:05:48,657 DEBUG    errbot.core               Triggering callback_presence on Plugins.
2021-06-22 03:05:48,657 DEBUG    errbot.core               Triggering callback_presence on ACLs.
2021-06-22 03:05:48,657 DEBUG    errbot.core               Triggering callback_presence on CommandNotFoundFilter.
2021-06-22 03:05:48,657 DEBUG    errbot.core               Triggering callback_presence on Health.
2021-06-22 03:05:48,657 DEBUG    errbot.core               Triggering callback_presence on Help.
2021-06-22 03:05:48,657 DEBUG    errbot.core               Triggering callback_presence on Utils.
2021-06-22 03:05:48,657 DEBUG    errbot.core               Triggering callback_presence on Backup.
2021-06-22 03:05:48,657 DEBUG    errbot.core               Triggering callback_presence on Example.
